<?xml version="1.0" encoding="UTF-8"?>
<!-- Generated by org.testng.reporters.JUnitReportReporter -->
<testsuite hostname="DESKTOP-FKRNN9J" failures="0" tests="2" name="testcases.Logintest" time="20.912" errors="0" timestamp="2023-02-26T23:06:35 IST" skipped="0">
  <testcase classname="testcases.Logintest" name="logintoapplication" time="7.362"/>
  <system-out/>
  <testcase classname="testcases.Logintest" name="logintoapplication" time="13.550"/>
  <system-out/>
</testsuite> <!-- testcases.Logintest -->
