<?xml version="1.0" encoding="UTF-8"?>
<!-- Generated by org.testng.reporters.JUnitReportReporter -->
<testsuite skipped="0" hostname="DESKTOP-FKRNN9J" name="testcases.Logintest" tests="2" failures="0" timestamp="2023-02-26T23:08:56 IST" time="23.514" errors="0">
  <testcase name="logintoapplication" time="15.716" classname="testcases.Logintest"/>
  <system-out/>
  <testcase name="logintoapplication" time="7.798" classname="testcases.Logintest"/>
  <system-out/>
</testsuite> <!-- testcases.Logintest -->
